[Fri May 29 13:40:15 2026][INFO]Program started
[Fri May 29 13:40:15 2026][INFO]Creating maze 21x21
[Fri May 29 13:40:15 2026][INFO]Generating maze with backtracking
[Fri May 29 13:40:15 2026][INFO]Backtracking done
[Fri May 29 13:40:15 2026][INFO]BFS: path found
[Fri May 29 13:40:15 2026][INFO]Saved to maze_output.txt
[Fri May 29 13:40:15 2026][INFO]Program finished
[Fri May 29 13:40:38 2026][INFO]Program started
[Fri May 29 13:40:38 2026][INFO]Creating maze 21x21
[Fri May 29 13:40:38 2026][INFO]Generating maze with backtracking
[Fri May 29 13:40:38 2026][INFO]Backtracking done
[Fri May 29 13:40:38 2026][INFO]A* find path
[Fri May 29 13:40:38 2026][INFO]A* path found
[Fri May 29 13:40:38 2026][INFO]Saved to maze_output.txt
[Fri May 29 13:40:38 2026][INFO]Program finished
[Fri May 29 13:43:26 2026][INFO]Program started
[Fri May 29 13:43:26 2026][INFO]Creating maze 21x21
[Fri May 29 13:43:26 2026][INFO]Generating maze with backtracking
[Fri May 29 13:43:26 2026][INFO]Backtracking done
[Fri May 29 13:43:26 2026][INFO]A* find path
[Fri May 29 13:43:26 2026][INFO]A* path found
[Fri May 29 13:43:26 2026][INFO]Saved to maze_output.txt
[Fri May 29 13:43:26 2026][INFO]Program finished
[Fri May 29 13:43:42 2026][INFO]Program started
[Fri May 29 13:43:42 2026][INFO]Creating maze 21x21
[Fri May 29 13:43:42 2026][INFO]Generating maze with backtracking
[Fri May 29 13:43:42 2026][INFO]Backtracking done
[Fri May 29 13:43:42 2026][INFO]A* find path
[Fri May 29 13:43:42 2026][INFO]A* path found
[Fri May 29 13:43:42 2026][INFO]Saved to maze_output.txt
[Fri May 29 13:43:42 2026][INFO]Program finished
[Fri May 29 13:43:43 2026][INFO]Program started
[Fri May 29 13:43:43 2026][INFO]Creating maze 21x21
[Fri May 29 13:43:43 2026][INFO]Generating maze with backtracking
[Fri May 29 13:43:43 2026][INFO]Backtracking done
[Fri May 29 13:43:43 2026][INFO]A* find path
[Fri May 29 13:43:43 2026][INFO]A* path found
[Fri May 29 13:43:43 2026][INFO]Saved to maze_output.txt
[Fri May 29 13:43:43 2026][INFO]Program finished
[Fri May 29 13:43:44 2026][INFO]Program started
[Fri May 29 13:43:44 2026][INFO]Creating maze 21x21
[Fri May 29 13:43:44 2026][INFO]Generating maze with backtracking
[Fri May 29 13:43:44 2026][INFO]Backtracking done
[Fri May 29 13:43:44 2026][INFO]A* find path
[Fri May 29 13:43:44 2026][INFO]A* path found
[Fri May 29 13:43:44 2026][INFO]Saved to maze_output.txt
[Fri May 29 13:43:44 2026][INFO]Program finished
[Fri May 29 13:43:44 2026][INFO]Program started
[Fri May 29 13:43:44 2026][INFO]Creating maze 21x21
[Fri May 29 13:43:44 2026][INFO]Generating maze with backtracking
[Fri May 29 13:43:44 2026][INFO]Backtracking done
[Fri May 29 13:43:44 2026][INFO]BFS: path found
[Fri May 29 13:43:44 2026][INFO]Saved to maze_output.txt
[Fri May 29 13:43:44 2026][INFO]Program finished
[Fri May 29 13:43:46 2026][INFO]Program started
[Fri May 29 13:43:46 2026][INFO]Creating maze 21x21
[Fri May 29 13:43:46 2026][INFO]Generating maze with backtracking
[Fri May 29 13:43:46 2026][INFO]Backtracking done
[Fri May 29 13:43:46 2026][INFO]BFS: path found
[Fri May 29 13:43:46 2026][INFO]Saved to maze_output.txt
[Fri May 29 13:43:46 2026][INFO]Program finished
[Fri May 29 13:43:46 2026][INFO]Program started
[Fri May 29 13:43:46 2026][INFO]Creating maze 21x21
[Fri May 29 13:43:46 2026][INFO]Generating maze with backtracking
[Fri May 29 13:43:46 2026][INFO]Backtracking done
[Fri May 29 13:43:46 2026][INFO]BFS: path found
[Fri May 29 13:43:46 2026][INFO]Saved to maze_output.txt
[Fri May 29 13:43:46 2026][INFO]Program finished
[Fri May 29 13:43:47 2026][INFO]Program started
[Fri May 29 13:43:47 2026][INFO]Creating maze 21x21
[Fri May 29 13:43:47 2026][INFO]Generating maze with backtracking
[Fri May 29 13:43:47 2026][INFO]Backtracking done
[Fri May 29 13:43:47 2026][INFO]BFS: path found
[Fri May 29 13:43:47 2026][INFO]Saved to maze_output.txt
[Fri May 29 13:43:47 2026][INFO]Program finished
[Fri May 29 13:43:48 2026][INFO]Program started
[Fri May 29 13:43:48 2026][INFO]Creating maze 21x21
[Fri May 29 13:43:48 2026][INFO]Generating maze with backtracking
[Fri May 29 13:43:48 2026][INFO]Backtracking done
[Fri May 29 13:43:48 2026][INFO]BFS: path found
[Fri May 29 13:43:48 2026][INFO]Saved to maze_output.txt
[Fri May 29 13:43:48 2026][INFO]Program finished
[Fri May 29 13:43:49 2026][INFO]Program started
[Fri May 29 13:43:49 2026][INFO]Creating maze 21x21
[Fri May 29 13:43:49 2026][INFO]Generating maze with backtracking
[Fri May 29 13:43:49 2026][INFO]Backtracking done
[Fri May 29 13:43:49 2026][INFO]BFS: path found
[Fri May 29 13:43:49 2026][INFO]Saved to maze_output.txt
[Fri May 29 13:43:49 2026][INFO]Program finished
[Fri May 29 13:43:49 2026][INFO]Program started
[Fri May 29 13:43:49 2026][INFO]Creating maze 21x21
[Fri May 29 13:43:49 2026][INFO]Generating maze with backtracking
[Fri May 29 13:43:49 2026][INFO]Backtracking done
[Fri May 29 13:43:49 2026][INFO]BFS: path found
[Fri May 29 13:43:49 2026][INFO]Saved to maze_output.txt
[Fri May 29 13:43:49 2026][INFO]Program finished
[Fri May 29 13:43:51 2026][INFO]Program started
[Fri May 29 13:43:51 2026][INFO]Creating maze 21x21
[Fri May 29 13:43:51 2026][INFO]Generating maze with backtracking
[Fri May 29 13:43:51 2026][INFO]Backtracking done
[Fri May 29 13:43:51 2026][INFO]BFS: path found
[Fri May 29 13:43:51 2026][INFO]Saved to maze_output.txt
[Fri May 29 13:43:51 2026][INFO]Program finished
[Fri May 29 13:43:52 2026][INFO]Program started
[Fri May 29 13:43:52 2026][INFO]Creating maze 21x21
[Fri May 29 13:43:52 2026][INFO]Generating maze with backtracking
[Fri May 29 13:43:52 2026][INFO]Backtracking done
[Fri May 29 13:43:52 2026][INFO]BFS: path found
[Fri May 29 13:43:52 2026][INFO]Saved to maze_output.txt
[Fri May 29 13:43:52 2026][INFO]Program finished
[Fri May 29 13:43:53 2026][INFO]Program started
[Fri May 29 13:43:53 2026][INFO]Creating maze 21x21
[Fri May 29 13:43:53 2026][INFO]Generating maze with backtracking
[Fri May 29 13:43:53 2026][INFO]Backtracking done
[Fri May 29 13:43:53 2026][INFO]BFS: path found
[Fri May 29 13:43:53 2026][INFO]Saved to maze_output.txt
[Fri May 29 13:43:53 2026][INFO]Program finished
[Fri May 29 13:43:54 2026][INFO]Program started
[Fri May 29 13:43:54 2026][INFO]Creating maze 21x21
[Fri May 29 13:43:54 2026][INFO]Generating maze with backtracking
[Fri May 29 13:43:54 2026][INFO]Backtracking done
[Fri May 29 13:43:54 2026][INFO]BFS: path found
[Fri May 29 13:43:54 2026][INFO]Saved to maze_output.txt
[Fri May 29 13:43:54 2026][INFO]Program finished
[Fri May 29 13:43:54 2026][INFO]Program started
[Fri May 29 13:43:54 2026][INFO]Creating maze 21x21
[Fri May 29 13:43:54 2026][INFO]Generating maze with backtracking
[Fri May 29 13:43:54 2026][INFO]Backtracking done
[Fri May 29 13:43:54 2026][INFO]BFS: path found
[Fri May 29 13:43:54 2026][INFO]Saved to maze_output.txt
[Fri May 29 13:43:54 2026][INFO]Program finished
[Fri May 29 13:44:02 2026][INFO]Program started
[Fri May 29 13:44:02 2026][INFO]Creating maze 21x21
[Fri May 29 13:44:02 2026][INFO]Generating maze with backtracking
[Fri May 29 13:44:02 2026][INFO]Backtracking done
[Fri May 29 13:44:02 2026][INFO]BFS: path found
[Fri May 29 13:44:02 2026][INFO]Saved to maze_output.txt
[Fri May 29 13:44:02 2026][INFO]Program finished
[Fri May 29 13:44:05 2026][INFO]Program started
[Fri May 29 13:44:05 2026][INFO]Creating maze 21x21
[Fri May 29 13:44:05 2026][INFO]Generating maze with backtracking
[Fri May 29 13:44:05 2026][INFO]Backtracking done
[Fri May 29 13:44:05 2026][INFO]BFS: path found
[Fri May 29 13:44:05 2026][INFO]Saved to maze_output.txt
[Fri May 29 13:44:05 2026][INFO]Program finished
[Fri May 29 13:44:09 2026][INFO]Program started
[Fri May 29 13:44:09 2026][INFO]Creating maze 5x5
[Fri May 29 13:44:09 2026][INFO]Generating maze with Eller
[Fri May 29 13:44:09 2026][INFO]Eller done
[Fri May 29 13:44:09 2026][INFO]A* find path
[Fri May 29 13:44:09 2026][WARNING]A* not found path
[Fri May 29 13:44:09 2026][INFO]Saved to maze_output.txt
[Fri May 29 13:44:09 2026][INFO]Program finished
[Fri May 29 13:44:17 2026][INFO]Program started
[Fri May 29 13:44:17 2026][INFO]Creating maze 5x5
[Fri May 29 13:44:17 2026][INFO]Generating maze with Eller
[Fri May 29 13:44:17 2026][INFO]Eller done
[Fri May 29 13:44:17 2026][INFO]A* find path
[Fri May 29 13:44:17 2026][INFO]A* path found
[Fri May 29 13:44:17 2026][INFO]Saved to maze_output.txt
[Fri May 29 13:44:17 2026][INFO]Program finished
[Fri May 29 13:45:14 2026][INFO]Program started
[Fri May 29 13:45:14 2026][INFO]Creating maze 5x5
[Fri May 29 13:45:14 2026][INFO]Generating maze with Eller
[Fri May 29 13:45:14 2026][INFO]Eller done
[Fri May 29 13:45:14 2026][INFO]A* find path
[Fri May 29 13:45:14 2026][INFO]A* path found
[Fri May 29 13:45:14 2026][INFO]Saved to maze_output.txt
[Fri May 29 13:45:14 2026][INFO]Program finished
[Fri May 29 13:46:43 2026][INFO]Program started
[Fri May 29 13:46:43 2026][INFO]Creating maze 21x21
[Fri May 29 13:46:43 2026][INFO]Generating maze with backtracking
[Fri May 29 13:46:43 2026][INFO]Backtracking done
[Fri May 29 13:46:43 2026][INFO]BFS: path found
[Fri May 29 13:46:43 2026][INFO]Saved to maze_output.txt
[Fri May 29 13:46:43 2026][INFO]Program finished
[Fri May 29 13:46:54 2026][INFO]Program started
[Fri May 29 13:46:54 2026][INFO]Creating maze 21x21
[Fri May 29 13:46:54 2026][INFO]Generating maze with backtracking
[Fri May 29 13:46:54 2026][INFO]Backtracking done
[Fri May 29 13:46:54 2026][INFO]BFS: path found
[Fri May 29 13:46:54 2026][INFO]Saved to maze_output.txt
[Fri May 29 13:46:54 2026][INFO]Program finished
[Fri May 29 13:47:07 2026][INFO]Program started
[Fri May 29 13:47:07 2026][INFO]Creating maze 21x21
[Fri May 29 13:47:07 2026][INFO]Generating maze with backtracking
[Fri May 29 13:47:07 2026][INFO]Backtracking done
[Fri May 29 13:47:07 2026][INFO]BFS: path found
[Fri May 29 13:47:07 2026][INFO]Saved to maze_output.txt
[Fri May 29 13:47:07 2026][INFO]Program finished
[Fri May 29 13:47:08 2026][INFO]Program started
[Fri May 29 13:47:08 2026][INFO]Creating maze 21x21
[Fri May 29 13:47:08 2026][INFO]Generating maze with backtracking
[Fri May 29 13:47:08 2026][INFO]Backtracking done
[Fri May 29 13:47:08 2026][INFO]BFS: path found
[Fri May 29 13:47:08 2026][INFO]Saved to maze_output.txt
[Fri May 29 13:47:08 2026][INFO]Program finished
[Fri May 29 13:47:08 2026][INFO]Program started
[Fri May 29 13:47:08 2026][INFO]Creating maze 21x21
[Fri May 29 13:47:08 2026][INFO]Generating maze with backtracking
[Fri May 29 13:47:08 2026][INFO]Backtracking done
[Fri May 29 13:47:08 2026][INFO]BFS: path found
[Fri May 29 13:47:08 2026][INFO]Saved to maze_output.txt
[Fri May 29 13:47:08 2026][INFO]Program finished
[Fri May 29 13:47:09 2026][INFO]Program started
[Fri May 29 13:47:09 2026][INFO]Creating maze 21x21
[Fri May 29 13:47:09 2026][INFO]Generating maze with backtracking
[Fri May 29 13:47:09 2026][INFO]Backtracking done
[Fri May 29 13:47:09 2026][INFO]BFS: path found
[Fri May 29 13:47:09 2026][INFO]Saved to maze_output.txt
[Fri May 29 13:47:09 2026][INFO]Program finished
[Fri May 29 13:47:09 2026][INFO]Program started
[Fri May 29 13:47:09 2026][INFO]Creating maze 21x21
[Fri May 29 13:47:09 2026][INFO]Generating maze with backtracking
[Fri May 29 13:47:09 2026][INFO]Backtracking done
[Fri May 29 13:47:09 2026][INFO]BFS: path found
[Fri May 29 13:47:09 2026][INFO]Saved to maze_output.txt
[Fri May 29 13:47:09 2026][INFO]Program finished
[Fri May 29 13:59:44 2026][INFO]Program started
[Fri May 29 13:59:44 2026][INFO]Creating maze 21x21
[Fri May 29 13:59:44 2026][INFO]Generating maze with backtracking
[Fri May 29 13:59:44 2026][INFO]Backtracking done
[Fri May 29 13:59:44 2026][INFO]BFS: path found
[Fri May 29 13:59:44 2026][INFO]Saved to maze_output.txt
[Fri May 29 13:59:44 2026][INFO]Program finished
[Fri May 29 14:28:25 2026][INFO]Program started
[Fri May 29 14:28:25 2026][INFO]Creating maze 11x11
[Fri May 29 14:28:25 2026][INFO]Generating maze with backtracking
[Fri May 29 14:28:25 2026][INFO]Backtracking done
[Fri May 29 14:28:25 2026][INFO]BFS: path found
[Fri May 29 14:28:25 2026][INFO]Saved to maze_output.txt
[Fri May 29 14:28:25 2026][INFO]Program finished
[Fri May 29 14:29:07 2026][INFO]Program started
[Fri May 29 14:29:07 2026][INFO]Creating maze 11x11
[Fri May 29 14:29:07 2026][INFO]Generating maze with backtracking
[Fri May 29 14:29:07 2026][INFO]Backtracking done
[Fri May 29 14:29:07 2026][INFO]BFS: path found
[Fri May 29 14:29:07 2026][INFO]Saved to maze_output.txt
[Fri May 29 14:29:07 2026][INFO]Program finished
[Fri May 29 14:30:02 2026][INFO]Program started
[Fri May 29 14:30:02 2026][INFO]Creating maze 11x11
[Fri May 29 14:30:02 2026][INFO]Generating maze with backtracking
[Fri May 29 14:30:02 2026][INFO]Backtracking done
[Fri May 29 14:30:02 2026][INFO]BFS: path found
[Fri May 29 14:30:02 2026][INFO]Saved to maze_output.txt
[Fri May 29 14:30:02 2026][INFO]Program finished
[Fri May 29 14:31:45 2026][INFO]Program started
[Fri May 29 14:31:45 2026][INFO]Creating maze 11x11
[Fri May 29 14:31:45 2026][INFO]Generating maze with backtracking
[Fri May 29 14:31:45 2026][INFO]Backtracking done
[Fri May 29 14:31:45 2026][INFO]BFS: path found
[Fri May 29 14:31:45 2026][INFO]Saved to maze_output.txt
[Fri May 29 14:31:45 2026][INFO]Program finished
[Fri May 29 14:32:14 2026][INFO]Program started
[Fri May 29 14:32:14 2026][ERROR]Size too small
